<?xml version="1.0" encoding="UTF-8"?>
<testsuite name="com.ttasum.memorial.donationstory.controller.DonationStoryCommentControllerTest" tests="1" skipped="0" failures="0" errors="0" timestamp="2025-05-23T08:50:51.491Z" hostname="DESKTOP-K3TJ618" time="0.321">
  <properties/>
  <testcase name="댓글 생성 성공 시 201 Created와 Location 헤더 반환" classname="com.ttasum.memorial.donationstory.controller.DonationStoryCommentControllerTest" time="0.321"/>
  <system-out><![CDATA[17:50:48.119 [Test worker] DEBUG org.springframework.test.context.BootstrapUtils - Instantiating CacheAwareContextLoaderDelegate from class [org.springframework.test.context.cache.DefaultCacheAwareContextLoaderDelegate]
17:50:48.133 [Test worker] DEBUG org.springframework.test.context.BootstrapUtils - Instantiating BootstrapContext using constructor [public org.springframework.test.context.support.DefaultBootstrapContext(java.lang.Class,org.springframework.test.context.CacheAwareContextLoaderDelegate)]
17:50:48.199 [Test worker] DEBUG org.springframework.test.context.BootstrapUtils - Instantiating TestContextBootstrapper for test class [com.ttasum.memorial.donationstory.controller.DonationStoryCommentControllerTest] from class [org.springframework.boot.test.autoconfigure.web.servlet.WebMvcTestContextBootstrapper]
17:50:48.218 [Test worker] INFO org.springframework.boot.test.autoconfigure.web.servlet.WebMvcTestContextBootstrapper - Neither @ContextConfiguration nor @ContextHierarchy found for test class [com.ttasum.memorial.donationstory.controller.DonationStoryCommentControllerTest], using SpringBootContextLoader
17:50:48.225 [Test worker] DEBUG org.springframework.test.context.support.AbstractContextLoader - Did not detect default resource location for test class [com.ttasum.memorial.donationstory.controller.DonationStoryCommentControllerTest]: class path resource [com/ttasum/memorial/donationstory/controller/DonationStoryCommentControllerTest-context.xml] does not exist
17:50:48.225 [Test worker] DEBUG org.springframework.test.context.support.AbstractContextLoader - Did not detect default resource location for test class [com.ttasum.memorial.donationstory.controller.DonationStoryCommentControllerTest]: class path resource [com/ttasum/memorial/donationstory/controller/DonationStoryCommentControllerTestContext.groovy] does not exist
17:50:48.225 [Test worker] INFO org.springframework.test.context.support.AbstractContextLoader - Could not detect default resource locations for test class [com.ttasum.memorial.donationstory.controller.DonationStoryCommentControllerTest]: no resource found for suffixes {-context.xml, Context.groovy}.
17:50:48.226 [Test worker] DEBUG org.springframework.test.context.support.AnnotationConfigContextLoaderUtils - Ignoring class [com.ttasum.memorial.donationstory.controller.DonationStoryCommentControllerTest$UpdateCommentTests]; it must be static, non-private, non-final, and annotated with @Configuration to be considered a default configuration class.
17:50:48.226 [Test worker] DEBUG org.springframework.test.context.support.AnnotationConfigContextLoaderUtils - Ignoring class [com.ttasum.memorial.donationstory.controller.DonationStoryCommentControllerTest$CreateCommentFailTests]; it must be static, non-private, non-final, and annotated with @Configuration to be considered a default configuration class.
17:50:48.226 [Test worker] INFO org.springframework.test.context.support.AnnotationConfigContextLoaderUtils - Could not detect default configuration classes for test class [com.ttasum.memorial.donationstory.controller.DonationStoryCommentControllerTest]: DonationStoryCommentControllerTest does not declare any static, non-private, non-final, nested classes annotated with @Configuration.
17:50:48.335 [Test worker] DEBUG org.springframework.test.context.support.ActiveProfilesUtils - Could not find an 'annotation declaring class' for annotation type [org.springframework.test.context.ActiveProfiles] and class [com.ttasum.memorial.donationstory.controller.DonationStoryCommentControllerTest]
17:50:48.417 [Test worker] DEBUG org.springframework.context.annotation.ClassPathScanningCandidateComponentProvider - Identified candidate component class: file [C:\Users\user\Documents\GitHub\DBE_Final_Project\build\classes\java\main\com\ttasum\memorial\MemorialApplication.class]
17:50:48.418 [Test worker] INFO org.springframework.boot.test.context.SpringBootTestContextBootstrapper - Found @SpringBootConfiguration com.ttasum.memorial.MemorialApplication for test class com.ttasum.memorial.donationstory.controller.DonationStoryCommentControllerTest
17:50:48.421 [Test worker] DEBUG org.springframework.boot.test.autoconfigure.web.servlet.WebMvcTestContextBootstrapper - @TestExecutionListeners is not present for class [com.ttasum.memorial.donationstory.controller.DonationStoryCommentControllerTest]: using defaults.
17:50:48.422 [Test worker] INFO org.springframework.boot.test.autoconfigure.web.servlet.WebMvcTestContextBootstrapper - Loaded default TestExecutionListener class names from location [META-INF/spring.factories]: [org.springframework.boot.test.autoconfigure.restdocs.RestDocsTestExecutionListener, org.springframework.boot.test.autoconfigure.web.client.MockRestServiceServerResetTestExecutionListener, org.springframework.boot.test.autoconfigure.web.servlet.MockMvcPrintOnlyOnFailureTestExecutionListener, org.springframework.boot.test.autoconfigure.web.servlet.WebDriverTestExecutionListener, org.springframework.boot.test.autoconfigure.webservices.client.MockWebServiceServerTestExecutionListener, org.springframework.boot.test.mock.mockito.MockitoTestExecutionListener, org.springframework.boot.test.mock.mockito.ResetMocksTestExecutionListener, org.springframework.test.context.web.ServletTestExecutionListener, org.springframework.test.context.support.DirtiesContextBeforeModesTestExecutionListener, org.springframework.test.context.event.ApplicationEventsTestExecutionListener, org.springframework.test.context.support.DependencyInjectionTestExecutionListener, org.springframework.test.context.support.DirtiesContextTestExecutionListener, org.springframework.test.context.transaction.TransactionalTestExecutionListener, org.springframework.test.context.jdbc.SqlScriptsTestExecutionListener, org.springframework.test.context.event.EventPublishingTestExecutionListener]
17:50:48.449 [Test worker] INFO org.springframework.boot.test.autoconfigure.web.servlet.WebMvcTestContextBootstrapper - Using TestExecutionListeners: [org.springframework.test.context.web.ServletTestExecutionListener@44c79f32, org.springframework.test.context.support.DirtiesContextBeforeModesTestExecutionListener@7fcbe147, org.springframework.test.context.event.ApplicationEventsTestExecutionListener@235f4c10, org.springframework.boot.test.mock.mockito.MockitoTestExecutionListener@743cb8e0, org.springframework.boot.test.autoconfigure.SpringBootDependencyInjectionTestExecutionListener@c7a975a, org.springframework.test.context.support.DirtiesContextTestExecutionListener@2c1b9e4b, org.springframework.test.context.transaction.TransactionalTestExecutionListener@757d6814, org.springframework.test.context.jdbc.SqlScriptsTestExecutionListener@649725e3, org.springframework.test.context.event.EventPublishingTestExecutionListener@3c0fae6c, org.springframework.boot.test.autoconfigure.restdocs.RestDocsTestExecutionListener@4c168660, org.springframework.boot.test.autoconfigure.web.client.MockRestServiceServerResetTestExecutionListener@52b56a3e, org.springframework.boot.test.autoconfigure.web.servlet.MockMvcPrintOnlyOnFailureTestExecutionListener@fd0e5b6, org.springframework.boot.test.autoconfigure.web.servlet.WebDriverTestExecutionListener@4eed46ee, org.springframework.boot.test.autoconfigure.webservices.client.MockWebServiceServerTestExecutionListener@36b0fcd5, org.springframework.boot.test.mock.mockito.ResetMocksTestExecutionListener@4fad94a7]
17:50:48.453 [Test worker] DEBUG org.springframework.test.context.support.AbstractDirtiesContextTestExecutionListener - Before test class: context [DefaultTestContext@76c7beb3 testClass = DonationStoryCommentControllerTest, testInstance = [null], testMethod = [null], testException = [null], mergedContextConfiguration = [WebMergedContextConfiguration@64337702 testClass = DonationStoryCommentControllerTest, locations = '{}', classes = '{class com.ttasum.memorial.MemorialApplication}', contextInitializerClasses = '[]', activeProfiles = '{}', propertySourceLocations = '{}', propertySourceProperties = '{org.springframework.boot.test.autoconfigure.web.servlet.WebMvcTestContextBootstrapper=true}', contextCustomizers = set[org.springframework.boot.test.autoconfigure.OverrideAutoConfigurationContextCustomizerFactory$DisableAutoConfigurationContextCustomizer@2e61d218, org.springframework.boot.test.autoconfigure.actuate.metrics.MetricsExportContextCustomizerFactory$DisableMetricExportContextCustomizer@54a67a45, org.springframework.boot.test.autoconfigure.filter.TypeExcludeFiltersContextCustomizer@e6172886, org.springframework.boot.test.autoconfigure.properties.PropertyMappingContextCustomizer@d369d552, org.springframework.boot.test.autoconfigure.web.servlet.WebDriverContextCustomizerFactory$Customizer@f001896, [ImportsContextCustomizer@2cf92cc7 key = [org.springframework.boot.autoconfigure.task.TaskExecutionAutoConfiguration, org.springframework.boot.autoconfigure.cache.CacheAutoConfiguration, org.springframework.boot.autoconfigure.web.servlet.HttpEncodingAutoConfiguration, org.springframework.boot.autoconfigure.validation.ValidationAutoConfiguration, org.springframework.boot.autoconfigure.context.MessageSourceAutoConfiguration, org.springframework.boot.autoconfigure.hateoas.HypermediaAutoConfiguration, org.springframework.boot.autoconfigure.data.web.SpringDataWebAutoConfiguration, org.springframework.boot.autoconfigure.jackson.JacksonAutoConfiguration, org.springframework.boot.test.autoconfigure.web.reactive.WebTestClientAutoConfiguration, org.springframework.boot.autoconfigure.web.servlet.error.ErrorMvcAutoConfiguration, org.springframework.boot.test.autoconfigure.web.servlet.MockMvcAutoConfiguration, org.springframework.boot.autoconfigure.security.servlet.SecurityAutoConfiguration, org.springframework.boot.autoconfigure.security.servlet.SecurityFilterAutoConfiguration, org.springframework.boot.autoconfigure.http.HttpMessageConvertersAutoConfiguration, org.springframework.boot.autoconfigure.security.oauth2.client.servlet.OAuth2ClientAutoConfiguration, org.springframework.boot.test.autoconfigure.web.servlet.MockMvcSecurityConfiguration, org.springframework.boot.test.autoconfigure.web.servlet.MockMvcWebClientAutoConfiguration, org.springframework.boot.test.autoconfigure.web.servlet.MockMvcWebDriverAutoConfiguration, org.springframework.boot.autoconfigure.thymeleaf.ThymeleafAutoConfiguration, org.springframework.boot.autoconfigure.gson.GsonAutoConfiguration, org.springframework.boot.autoconfigure.jsonb.JsonbAutoConfiguration, org.springframework.boot.autoconfigure.freemarker.FreeMarkerAutoConfiguration, org.springframework.boot.autoconfigure.web.servlet.WebMvcAutoConfiguration, org.springframework.boot.autoconfigure.security.servlet.UserDetailsServiceAutoConfiguration, org.springframework.boot.autoconfigure.security.oauth2.resource.servlet.OAuth2ResourceServerAutoConfiguration, org.springframework.boot.autoconfigure.groovy.template.GroovyTemplateAutoConfiguration, org.springframework.boot.autoconfigure.mustache.MustacheAutoConfiguration]], org.springframework.boot.test.context.filter.ExcludeFilterContextCustomizer@3382f8ae, org.springframework.boot.test.json.DuplicateJsonObjectContextCustomizerFactory$DuplicateJsonObjectContextCustomizer@6eeade6c, org.springframework.boot.test.mock.mockito.MockitoContextCustomizer@a8065163, org.springframework.boot.test.context.SpringBootTestArgs@1, org.springframework.boot.test.context.SpringBootTestWebEnvironment@0], resourceBasePath = 'src/main/webapp', contextLoader = 'org.springframework.boot.test.context.SpringBootContextLoader', parent = [null]], attributes = map[[empty]]], class annotated with @DirtiesContext [false] with mode [null].

  .   ____          _            __ _ _
 /\\ / ___'_ __ _ _(_)_ __  __ _ \ \ \ \
( ( )\___ | '_ | '_| | '_ \/ _` | \ \ \ \
 \\/  ___)| |_)| | | | | || (_| |  ) ) ) )
  '  |____| .__|_| |_|_| |_\__, | / / / /
 =========|_|==============|___/=/_/_/_/
 :: Spring Boot ::               (v2.7.18)

2025-05-23 17:50:48.973  INFO 2400 --- [    Test worker] m.d.c.DonationStoryCommentControllerTest : Starting DonationStoryCommentControllerTest using Java 17.0.15 on DESKTOP-K3TJ618 with PID 2400 (started by user in C:\Users\user\Documents\GitHub\DBE_Final_Project)
2025-05-23 17:50:48.974  INFO 2400 --- [    Test worker] m.d.c.DonationStoryCommentControllerTest : No active profile set, falling back to 1 default profile: "default"
2025-05-23 17:50:51.327  WARN 2400 --- [    Test worker] ion$DefaultTemplateResolverConfiguration : Cannot find template location: classpath:/templates/ (please add some templates, check your Thymeleaf configuration, or set spring.thymeleaf.check-template-location=false)
2025-05-23 17:50:51.439  INFO 2400 --- [    Test worker] o.s.b.t.m.w.SpringBootMockServletContext : Initializing Spring TestDispatcherServlet ''
2025-05-23 17:50:51.439  INFO 2400 --- [    Test worker] o.s.t.web.servlet.TestDispatcherServlet  : Initializing Servlet ''
2025-05-23 17:50:51.441  INFO 2400 --- [    Test worker] o.s.t.web.servlet.TestDispatcherServlet  : Completed initialization in 2 ms
2025-05-23 17:50:51.477  INFO 2400 --- [    Test worker] m.d.c.DonationStoryCommentControllerTest : Started DonationStoryCommentControllerTest in 2.969 seconds (JVM running for 4.558)
2025-05-23 17:50:51.769  INFO 2400 --- [    Test worker] c.t.m.c.DonationStoryCommentController   : POST /donationLetters/1/comments - 댓글 등록 요청
]]></system-out>
  <system-err><![CDATA[]]></system-err>
</testsuite>
