<?xml version="1.0" encoding="UTF-8"?>
<testsuite name="댓글 수정 테스트" tests="1" skipped="0" failures="0" errors="0" timestamp="2025-05-23T08:50:51.845Z" hostname="DESKTOP-K3TJ618" time="0.007">
  <properties/>
  <testcase name="정상 수정 시 200 OK" classname="com.ttasum.memorial.donationstory.controller.DonationStoryCommentControllerTest$UpdateCommentTests" time="0.007"/>
  <system-out><![CDATA[2025-05-23 17:50:51.819  INFO 2400 --- [    Test worker] .b.t.a.w.s.WebMvcTestContextBootstrapper : Neither @ContextConfiguration nor @ContextHierarchy found for test class [com.ttasum.memorial.donationstory.controller.DonationStoryCommentControllerTest$UpdateCommentTests], using SpringBootContextLoader
2025-05-23 17:50:51.821  INFO 2400 --- [    Test worker] o.s.t.c.support.AbstractContextLoader    : Could not detect default resource locations for test class [com.ttasum.memorial.donationstory.controller.DonationStoryCommentControllerTest$UpdateCommentTests]: no resource found for suffixes {-context.xml, Context.groovy}.
2025-05-23 17:50:51.821  INFO 2400 --- [    Test worker] t.c.s.AnnotationConfigContextLoaderUtils : Could not detect default configuration classes for test class [com.ttasum.memorial.donationstory.controller.DonationStoryCommentControllerTest$UpdateCommentTests]: UpdateCommentTests does not declare any static, non-private, non-final, nested classes annotated with @Configuration.
2025-05-23 17:50:51.838  INFO 2400 --- [    Test worker] .b.t.c.SpringBootTestContextBootstrapper : Found @SpringBootConfiguration com.ttasum.memorial.MemorialApplication for test class com.ttasum.memorial.donationstory.controller.DonationStoryCommentControllerTest$UpdateCommentTests
2025-05-23 17:50:51.839  INFO 2400 --- [    Test worker] .b.t.a.w.s.WebMvcTestContextBootstrapper : Loaded default TestExecutionListener class names from location [META-INF/spring.factories]: [org.springframework.boot.test.autoconfigure.restdocs.RestDocsTestExecutionListener, org.springframework.boot.test.autoconfigure.web.client.MockRestServiceServerResetTestExecutionListener, org.springframework.boot.test.autoconfigure.web.servlet.MockMvcPrintOnlyOnFailureTestExecutionListener, org.springframework.boot.test.autoconfigure.web.servlet.WebDriverTestExecutionListener, org.springframework.boot.test.autoconfigure.webservices.client.MockWebServiceServerTestExecutionListener, org.springframework.boot.test.mock.mockito.MockitoTestExecutionListener, org.springframework.boot.test.mock.mockito.ResetMocksTestExecutionListener, org.springframework.test.context.web.ServletTestExecutionListener, org.springframework.test.context.support.DirtiesContextBeforeModesTestExecutionListener, org.springframework.test.context.event.ApplicationEventsTestExecutionListener, org.springframework.test.context.support.DependencyInjectionTestExecutionListener, org.springframework.test.context.support.DirtiesContextTestExecutionListener, org.springframework.test.context.transaction.TransactionalTestExecutionListener, org.springframework.test.context.jdbc.SqlScriptsTestExecutionListener, org.springframework.test.context.event.EventPublishingTestExecutionListener]
2025-05-23 17:50:51.839  INFO 2400 --- [    Test worker] .b.t.a.w.s.WebMvcTestContextBootstrapper : Using TestExecutionListeners: [org.springframework.test.context.web.ServletTestExecutionListener@e4b54d3, org.springframework.test.context.support.DirtiesContextBeforeModesTestExecutionListener@62883f8a, org.springframework.test.context.event.ApplicationEventsTestExecutionListener@36665c11, org.springframework.boot.test.mock.mockito.MockitoTestExecutionListener@6e49b011, org.springframework.boot.test.autoconfigure.SpringBootDependencyInjectionTestExecutionListener@3a709cc7, org.springframework.test.context.support.DirtiesContextTestExecutionListener@19a7906c, org.springframework.test.context.transaction.TransactionalTestExecutionListener@1da5c19d, org.springframework.test.context.jdbc.SqlScriptsTestExecutionListener@3e4f2300, org.springframework.test.context.event.EventPublishingTestExecutionListener@e706aa, org.springframework.boot.test.autoconfigure.restdocs.RestDocsTestExecutionListener@25e6c22a, org.springframework.boot.test.autoconfigure.web.client.MockRestServiceServerResetTestExecutionListener@16fc5622, org.springframework.boot.test.autoconfigure.web.servlet.MockMvcPrintOnlyOnFailureTestExecutionListener@516c20de, org.springframework.boot.test.autoconfigure.web.servlet.WebDriverTestExecutionListener@6906be0f, org.springframework.boot.test.autoconfigure.webservices.client.MockWebServiceServerTestExecutionListener@7a62d697, org.springframework.boot.test.mock.mockito.ResetMocksTestExecutionListener@edbc2bf]
]]></system-out>
  <system-err><![CDATA[]]></system-err>
</testsuite>
